<Practitioner>
    <id value="2bed47c6-2edd-40b0-977b-494c501a660b"/>
    <meta>
        <versionId value="2"/>
        <lastUpdated value="2019-10-18T05:47:46.6262818+00:00"/>
    </meta>
    <language value="en-AU"/>
    <text>
        <status value="generated"/>
    </text>
    <identifier>
        <type>
            <coding>
                <system value="http://hl7.org.au/fhir/v2/0203"/>
                <code value="nhsdExtUri"/>
                <display value="NHSD URI (Ext.)"/>
            </coding>
            <text value="NHSD Ext URI - Legacy"/>
        </type>
        <system value="http://fhir.nhsd.com.au/CodeSystem/nhsdIdentifiers#nhsdExtUri"/>
        <value value="urn:x-nhsd.au:pers:11111111"/>
    </identifier>
    <identifier>
        <type>
            <coding>
                <system value="http://hl7.org.au/fhir/v2/0203"/>
                <code value="VDI"/>
                <display value="Vendor Directory Identifier"/>
            </coding>
            <text value="Legacy Practitioner ID"/>
        </type>
        <system value="http://fhir.nhsd.com.au/CodeSystem/nhsdIdentifiers#pracIdLegacy"/>
        <value value="11111"/>
    </identifier>
    <active value="true"/>
    <name>
        <use value="official"/>
        <text value="Emma Test"/>
        <family value="Test"/>
        <given value="Emma"/>
        <prefix value="Ms"/>
    </name>
    <telecom>
        <system value="phone"/>
        <value value="0423 111 111"/>
        <use value="work"/>
        <rank value="1"/>
    </telecom>
    <telecom>
        <system value="email"/>
        <value value="emma.test@gmail.com"/>
        <use value="work"/>
        <rank value="2"/>
    </telecom>
    <gender value="female"/>
    <communication>
        <coding>
            <system value="urn:ietf:bcp:47"/>
            <code value="en"/>
            <display value="English"/>
        </coding>
    </communication>
</Practitioner>